<testsuites id="" name="" tests="2" failures="2" skipped="0" errors="0" time="123.505211">
<testsuite name="golden-paths/gp1-create-estimate-client-save.spec.ts" timestamp="2025-08-22T00:35:19.941Z" hostname="chromium" tests="2" failures="2" skipped="0" time="158.409" errors="0">
<testcase name="GP1: Create Estimate → Add/Select Client → Save Draft › GP1: Complete estimate creation workflow" classname="golden-paths/gp1-create-estimate-client-save.spec.ts" time="36.754">
<failure message="gp1-create-estimate-client-save.spec.ts:27:7 GP1: Complete estimate creation workflow" type="FAILURE">
<![CDATA[  [chromium] › golden-paths/gp1-create-estimate-client-save.spec.ts:27:7 › GP1: Create Estimate → Add/Select Client → Save Draft › GP1: Complete estimate creation workflow › Navigate to New Estimate

    TimeoutError: page.waitForURL: Timeout 30000ms exceeded.
    =========================== logs ===========================
    waiting for navigation to "/estimate/new/details" until "load"
    ============================================================

      43 |
      44 |         // Wait for loading and redirect to details page
    > 45 |         await page.waitForURL('/estimate/new/details', { timeout: 30000 });
         |                    ^
      46 |
      47 |         await page.screenshot({
      48 |           path: join(artifactsDir, `${testId}-02-details-page.png`),
        at /Users/patricksmith/candlefish-ai/projects/paintbox/__tests__/e2e/golden-paths/gp1-create-estimate-client-save.spec.ts:45:20
        at /Users/patricksmith/candlefish-ai/projects/paintbox/__tests__/e2e/golden-paths/gp1-create-estimate-client-save.spec.ts:33:7

    attachment #1: screenshot (image/png) ──────────────────────────────────────────────────────────
    ../../test-results/golden-paths-gp1-create-es-97437--estimate-creation-workflow-chromium/test-failed-1.png
    ────────────────────────────────────────────────────────────────────────────────────────────────

    attachment #2: video (video/webm) ──────────────────────────────────────────────────────────────
    ../../test-results/golden-paths-gp1-create-es-97437--estimate-creation-workflow-chromium/video.webm
    ────────────────────────────────────────────────────────────────────────────────────────────────

    Error Context: ../../test-results/golden-paths-gp1-create-es-97437--estimate-creation-workflow-chromium/error-context.md
]]>
</failure>
<system-out>
<![CDATA[
[[ATTACHMENT|golden-paths-gp1-create-es-97437--estimate-creation-workflow-chromium/test-failed-1.png]]

[[ATTACHMENT|golden-paths-gp1-create-es-97437--estimate-creation-workflow-chromium/video.webm]]

[[ATTACHMENT|golden-paths-gp1-create-es-97437--estimate-creation-workflow-chromium/error-context.md]]
]]>
</system-out>
</testcase>
<testcase name="GP1: Create Estimate → Add/Select Client → Save Draft › GP1: Client selection from existing clients" classname="golden-paths/gp1-create-estimate-client-save.spec.ts" time="121.655">
<failure message="gp1-create-estimate-client-save.spec.ts:254:7 GP1: Client selection from existing clients" type="FAILURE">
<![CDATA[  [chromium] › golden-paths/gp1-create-estimate-client-save.spec.ts:254:7 › GP1: Create Estimate → Add/Select Client → Save Draft › GP1: Client selection from existing clients › Search for existing client

    Test timeout of 120000ms exceeded.

    Error: page.screenshot: Target page, context or browser has been closed

      312 |
      313 |     } catch (error) {
    > 314 |       await page.screenshot({
          |                  ^
      315 |         path: join(artifactsDir, `${testId}-error.png`),
      316 |         fullPage: true
      317 |       });
        at /Users/patricksmith/candlefish-ai/projects/paintbox/__tests__/e2e/golden-paths/gp1-create-estimate-client-save.spec.ts:314:18

    attachment #1: screenshot (image/png) ──────────────────────────────────────────────────────────
    ../../test-results/golden-paths-gp1-create-es-e55be-ction-from-existing-clients-chromium/test-failed-1.png
    ────────────────────────────────────────────────────────────────────────────────────────────────

    attachment #2: video (video/webm) ──────────────────────────────────────────────────────────────
    ../../test-results/golden-paths-gp1-create-es-e55be-ction-from-existing-clients-chromium/video.webm
    ────────────────────────────────────────────────────────────────────────────────────────────────

    Error Context: ../../test-results/golden-paths-gp1-create-es-e55be-ction-from-existing-clients-chromium/error-context.md
]]>
</failure>
<system-out>
<![CDATA[
[[ATTACHMENT|golden-paths-gp1-create-es-e55be-ction-from-existing-clients-chromium/test-failed-1.png]]

[[ATTACHMENT|golden-paths-gp1-create-es-e55be-ction-from-existing-clients-chromium/video.webm]]

[[ATTACHMENT|golden-paths-gp1-create-es-e55be-ction-from-existing-clients-chromium/error-context.md]]
]]>
</system-out>
</testcase>
</testsuite>
</testsuites>
